2026-04-06 17:43:14, MOVE, v:1, k:fup@calc, mode:PICK
2026-04-06 17:43:17, EXEC, v:1, k:fup@calc, mode:FULL, rate:100
2026-04-06 17:43:29, MOVE, v:1, k:fup@calc, mode:BACK
2026-04-06 17:43:36, MOVE, v:1, k:fup@guarda, mode:DOWN
2026-04-06 17:43:39, MOVE, v:1, k:fup@guarda, mode:PICK
2026-04-06 17:43:41, EXEC, v:1, k:fup@guarda, mode:FULL, rate:0
2026-04-06 17:55:32, EXEC, v:1, k:fup@guarda, mode:FULL, rate:85, size:22
2026-04-06 17:55:49, EXEC, v:1, k:fup@guarda, mode:FULL, rate:57, size:22
2026-04-06 17:56:41, EXEC, v:1, k:fup@guarda, mode:FULL, rate:57
2026-04-06 17:56:51, EXEC, v:1, k:fup@guarda, mode:FULL, rate:71, size:22
2026-04-06 17:57:03, EXEC, v:1, k:fup@guarda, mode:FULL, rate:100
2026-04-06 17:57:36, SELF, v:1, k:fup@guarda, self:1, rate:100, study:10
2026-04-06 17:57:37, MOVE, v:1, k:fup@guarda, mode:BACK
2026-04-06 17:58:28, MOVE, v:1, k:fup@positivo, mode:PICK
2026-04-06 17:58:35, MOVE, v:1, k:fup@positivo, mode:BACK
2026-04-06 17:58:58, MOVE, v:1, k:fup@positivo, mode:PICK
2026-04-06 17:59:01, MOVE, v:1, k:fup@positivo, mode:BACK
2026-04-06 17:59:13, MOVE, v:1, k:fup@positivo, mode:PICK
2026-04-06 17:59:25, SELF, v:1, k:fup@positivo, self:1, rate:100, study:10
2026-04-06 17:59:26, MOVE, v:1, k:fup@positivo, mode:BACK
2026-04-06 18:00:38, MOVE, v:1, k:fup@impar, mode:PICK
2026-04-06 18:00:40, MOVE, v:1, k:fup@impar, mode:BACK
2026-04-06 18:01:31, MOVE, v:1, k:fup@round, mode:DOWN
2026-04-06 18:01:33, MOVE, v:1, k:fup@round, mode:PICK
2026-04-06 18:01:35, EXEC, v:1, k:fup@round, mode:FULL, rate:0, size:5
2026-04-06 18:01:59, MOVE, v:1, k:fup@round, mode:BACK
