2026-04-27 16:11:26, MOVE, v:1, k:fup@impar, mode:PICK
2026-04-27 16:11:31, EXEC, v:1, k:fup@impar, mode:FULL, rate:0
2026-04-27 16:12:06, MOVE, v:1, k:fup@impar, mode:BACK
2026-04-27 16:12:12, MOVE, v:1, k:fup@impar, mode:PICK
2026-04-27 16:12:14, EXEC, v:1, k:fup@impar, mode:FULL, rate:0
2026-04-27 16:12:14, MOVE, v:1, k:fup@impar, mode:EDIT
2026-04-27 16:18:49, EXEC, v:1, k:fup@impar, mode:FULL, rate:100, size:26
2026-04-27 16:19:13, SELF, v:1, k:fup@impar, self:1, rate:100, study:10
2026-04-27 16:19:14, MOVE, v:1, k:fup@impar, mode:BACK
2026-04-27 16:19:28, MOVE, v:1, k:fup@round, mode:PICK
2026-04-27 16:19:29, EXEC, v:1, k:fup@round, mode:FULL, rate:0
2026-04-27 16:19:37, MOVE, v:1, k:fup@round, mode:BACK
2026-04-27 16:19:38, MOVE, v:1, k:fup@round, mode:PICK
2026-04-27 16:19:40, EXEC, v:1, k:fup@round, mode:FULL, rate:0
2026-04-27 16:18:47, MOVE, v:1, k:fup@impar, mode:EDIT
2026-04-27 16:18:49, MOVE, v:1, k:fup@impar, mode:EDIT
2026-04-27 16:19:40, MOVE, v:1, k:fup@round, mode:EDIT
2026-04-27 16:21:53, MOVE, v:1, k:fup@round, mode:BACK
2026-04-27 16:22:32, MOVE, v:1, k:eval1@mumia, mode:PICK
2026-04-27 16:22:34, EXEC, v:1, k:eval1@mumia, mode:FULL, rate:100
2026-04-27 16:23:22, EXEC, v:1, k:eval1@mumia, mode:FULL, rate:100
2026-04-27 16:23:32, SELF, v:1, k:eval1@mumia, self:1, rate:100, study:10
2026-04-27 16:23:33, MOVE, v:1, k:eval1@mumia, mode:BACK
2026-04-27 16:23:52, MOVE, v:1, k:fup@mumia, mode:PICK
2026-04-27 16:23:54, EXEC, v:1, k:fup@mumia, mode:FULL, rate:100, size:25
2026-04-27 16:24:00, MOVE, v:1, k:fup@mumia, mode:BACK
2026-04-27 16:24:09, MOVE, v:1, k:fup@mumia, mode:PICK
2026-04-27 16:24:12, EXEC, v:1, k:fup@mumia, mode:FULL, rate:100
2026-04-27 16:24:19, SELF, v:1, k:fup@mumia, self:1, rate:100, study:10
2026-04-27 16:24:20, MOVE, v:1, k:fup@mumia, mode:BACK
2026-04-27 16:24:56, MOVE, v:1, k:fup@meio, mode:DOWN
2026-04-27 16:24:58, MOVE, v:1, k:fup@meio, mode:PICK
2026-04-27 16:26:01, MOVE, v:1, k:fup@meio, mode:PICK
2026-04-27 16:26:03, EXEC, v:1, k:fup@meio, mode:FULL, rate:0, size:5
2026-04-27 16:30:07, EXEC, v:1, k:fup@meio, mode:FULL, rate:100, size:18
2026-04-27 16:30:15, SELF, v:1, k:fup@meio, self:1, rate:100, study:10
2026-04-27 16:30:15, MOVE, v:1, k:fup@meio, mode:BACK
2026-04-27 16:30:07, MOVE, v:1, k:fup@meio, mode:EDIT
2026-04-27 16:29:57, MOVE, v:1, k:fup@meio, mode:EDIT
2026-04-27 17:58:19, MOVE, v:1, k:sandbox@user_001, mode:EDIT
2026-04-27 18:03:18, MOVE, v:1, k:sandbox@user_001, mode:EDIT
2026-04-27 18:08:21, MOVE, v:1, k:sandbox@user_001, mode:EDIT
2026-04-27 18:11:52, MOVE, v:1, k:sandbox@user_001, mode:EDIT
