2026-03-16 17:45:56, MOVE, v:1, k:fup@resto, mode:PICK
2026-03-16 17:48:17, MOVE, v:1, k:fup@resto, mode:BACK
2026-03-16 17:48:54, MOVE, v:1, k:fup@media, mode:DOWN
2026-03-16 17:48:57, MOVE, v:1, k:fup@media, mode:PICK
2026-03-16 17:52:18, EXEC, v:1, k:fup@media, mode:FULL, size:8, fail:COMP
2026-03-16 17:54:25, EXEC, v:1, k:fup@media, mode:FULL, size:10, fail:COMP
2026-03-16 17:56:37, EXEC, v:1, k:fup@media, mode:FULL, rate:0, size:10
2026-03-16 17:57:34, EXEC, v:1, k:fup@media, mode:FULL, rate:0, size:10
2026-03-16 17:59:44, MOVE, v:1, k:fup@media, mode:BACK
2026-03-16 18:03:15, MOVE, v:1, k:fup@tres, mode:PICK
2026-03-16 18:03:17, EXEC, v:1, k:fup@tres, mode:FULL, rate:100
2026-03-16 18:03:19, EXEC, v:1, k:fup@tres, mode:FULL, rate:100
2026-03-16 18:03:21, EXEC, v:1, k:fup@tres, mode:FULL, rate:100
2026-03-16 18:07:23, EXEC, v:1, k:fup@tres, mode:FREE
2026-03-16 18:09:41, EXEC, v:1, k:fup@tres, mode:FULL, rate:100
2026-03-16 18:09:43, EXEC, v:1, k:fup@tres, mode:FULL, rate:100
2026-03-16 18:14:10, MOVE, v:1, k:fup@media, mode:PICK
2026-03-16 18:14:14, EXEC, v:1, k:fup@media, mode:FULL, rate:0
2026-03-16 18:14:33, MOVE, v:1, k:fup@media, mode:BACK
2026-03-16 18:14:33, MOVE, v:1, k:fup@tres, mode:BACK
2026-03-16 18:14:35, MOVE, v:1, k:fup@media, mode:PICK
2026-03-16 18:14:36, EXEC, v:1, k:fup@media, mode:FULL, rate:0
2026-03-16 18:14:44, EXEC, v:1, k:fup@media, mode:FULL, rate:0
2026-03-16 18:15:27, MOVE, v:1, k:fup@resto, mode:PICK
2026-03-16 18:15:29, EXEC, v:1, k:fup@resto, mode:FULL, rate:0
2026-03-16 18:15:30, EXEC, v:1, k:fup@resto, mode:FULL, rate:0
2026-03-16 18:18:52, EXEC, v:1, k:fup@resto, mode:FREE
2026-03-16 18:20:24, EXEC, v:1, k:fup@resto, mode:FREE
2026-03-16 18:20:53, EXEC, v:1, k:fup@resto, mode:FREE
2026-03-16 18:21:22, EXEC, v:1, k:fup@resto, mode:FREE
2026-03-16 18:22:08, EXEC, v:1, k:fup@resto, mode:FREE
2026-03-16 18:23:11, EXEC, v:1, k:fup@resto, mode:FREE
2026-03-16 18:25:58, MOVE, v:1, k:fup@media, mode:PICK
2026-03-16 18:26:06, EXEC, v:1, k:fup@media, mode:FULL, rate:0
