2026-04-13 17:06:26, MOVE, v:1, k:eval1@bala, mode:DOWN
2026-04-13 17:06:30, MOVE, v:1, k:eval1@bala, mode:PICK
2026-04-13 17:06:40, EXEC, v:1, k:eval1@bala, mode:FULL, rate:0, size:5
2026-04-13 17:06:26, MOVE, v:1, k:eval1@bala, mode:EDIT
2026-04-13 17:06:26, MOVE, v:1, k:eval1@bala, mode:EDIT
2026-04-13 17:10:08, MOVE, v:1, k:eval1@bala, mode:EDIT
2026-04-13 17:06:40, MOVE, v:1, k:eval1@bala, mode:EDIT
2026-04-13 17:14:01, EXEC, v:1, k:eval1@bala, mode:FULL, size:12, fail:COMP
2026-04-13 17:14:11, EXEC, v:1, k:eval1@bala, mode:FULL, size:11, fail:COMP
2026-04-13 17:14:53, EXEC, v:1, k:eval1@bala, mode:FULL, size:11, fail:COMP
2026-04-13 17:15:07, MOVE, v:1, k:eval1@bala, mode:EDIT
2026-04-13 17:22:40, EXEC, v:1, k:eval1@bala, mode:FULL, size:12, fail:COMP
2026-04-13 17:25:01, MOVE, v:1, k:eval1@bala, mode:EDIT
2026-04-13 17:25:54, EXEC, v:1, k:eval1@bala, mode:FULL, size:23, fail:COMP
2026-04-13 17:26:01, EXEC, v:1, k:eval1@bala, mode:FULL, fail:COMP
2026-04-13 17:27:19, EXEC, v:1, k:eval1@bala, mode:FULL, rate:16, size:15
2026-04-13 17:30:08, MOVE, v:1, k:eval1@bala, mode:EDIT
2026-04-13 17:27:19, MOVE, v:1, k:eval1@bala, mode:EDIT
2026-04-13 17:30:17, EXEC, v:1, k:eval1@bala, mode:FULL, rate:16, size:18
2026-04-13 17:32:20, EXEC, v:1, k:eval1@bala, mode:FULL, rate:16, size:18
2026-04-13 17:34:17, EXEC, v:1, k:eval1@bala, mode:FULL, rate:100, size:20
2026-04-13 17:34:17, MOVE, v:1, k:eval1@bala, mode:EDIT
2026-04-13 17:35:04, MOVE, v:1, k:eval1@bala, mode:EDIT
2026-04-13 17:35:25, EXEC, v:1, k:eval1@bala, mode:FULL, rate:100, size:18
2026-04-13 17:35:39, MOVE, v:1, k:eval1@bala, mode:BACK
2026-04-13 17:35:44, MOVE, v:1, k:eval1@bala, mode:PICK
2026-04-13 17:36:00, SELF, v:1, k:eval1@bala, self:1, rate:100, study:20
2026-04-13 17:36:02, MOVE, v:1, k:eval1@bala, mode:BACK
2026-04-13 17:37:07, MOVE, v:1, k:eval1@mumia, mode:DOWN
2026-04-13 17:37:09, MOVE, v:1, k:eval1@mumia, mode:PICK
2026-04-13 17:37:11, EXEC, v:1, k:eval1@mumia, mode:FULL, rate:0, size:5
2026-04-13 17:37:55, EXEC, v:1, k:eval1@mumia, mode:FULL, rate:0, size:24
2026-04-13 17:35:24, MOVE, v:1, k:eval1@bala, mode:EDIT
2026-04-13 17:37:07, MOVE, v:1, k:eval1@mumia, mode:EDIT
2026-04-13 17:37:07, MOVE, v:1, k:eval1@mumia, mode:EDIT
2026-04-13 17:37:54, MOVE, v:1, k:eval1@mumia, mode:EDIT
2026-04-13 17:37:49, MOVE, v:1, k:eval1@mumia, mode:EDIT
2026-04-13 17:44:42, EXEC, v:1, k:eval1@mumia, mode:FULL, rate:100, size:27
2026-04-13 17:44:54, SELF, v:1, k:eval1@mumia, self:1, rate:100, study:7
2026-04-13 17:44:55, MOVE, v:1, k:eval1@mumia, mode:BACK
2026-04-13 17:44:27, MOVE, v:1, k:eval1@mumia, mode:EDIT
2026-04-13 17:44:42, MOVE, v:1, k:eval1@mumia, mode:EDIT
2026-04-13 17:45:48, MOVE, v:1, k:eval1@monica, mode:DOWN
2026-04-13 17:45:50, MOVE, v:1, k:eval1@monica, mode:PICK
2026-04-13 17:45:48, MOVE, v:1, k:eval1@monica, mode:EDIT
2026-04-13 17:45:48, MOVE, v:1, k:eval1@monica, mode:EDIT
2026-04-13 17:49:16, MOVE, v:1, k:eval1@monica, mode:EDIT
2026-04-13 17:52:51, EXEC, v:1, k:eval1@monica, mode:FULL, rate:100, size:23
2026-04-13 17:53:01, SELF, v:1, k:eval1@monica, self:1, rate:100, study:5
2026-04-13 17:53:03, MOVE, v:1, k:eval1@monica, mode:BACK
2026-04-13 17:52:23, MOVE, v:1, k:eval1@monica, mode:EDIT
2026-04-13 17:52:51, MOVE, v:1, k:eval1@monica, mode:EDIT
2026-04-13 17:56:57, MOVE, v:1, k:eval1@pares, mode:DOWN
2026-04-13 17:56:59, MOVE, v:1, k:eval1@pares, mode:PICK
2026-04-13 17:57:03, EXEC, v:1, k:eval1@pares, mode:FULL, rate:0, size:5
2026-04-13 18:00:07, EXEC, v:1, k:eval1@pares, mode:FULL, rate:85, size:19
2026-04-13 17:56:57, MOVE, v:1, k:eval1@pares, mode:EDIT
2026-04-13 17:56:57, MOVE, v:1, k:eval1@pares, mode:EDIT
2026-04-13 17:59:55, MOVE, v:1, k:eval1@pares, mode:EDIT
2026-04-13 18:00:07, MOVE, v:1, k:eval1@pares, mode:EDIT
2026-04-13 18:02:08, EXEC, v:1, k:eval1@pares, mode:FULL, rate:100, size:24
2026-04-13 18:02:19, SELF, v:1, k:eval1@pares, self:1, rate:100, study:10
2026-04-13 18:02:20, MOVE, v:1, k:eval1@pares, mode:BACK
2026-04-13 18:02:35, MOVE, v:1, k:eval1@ceu, mode:DOWN
2026-04-13 18:02:38, MOVE, v:1, k:eval1@ceu, mode:PICK
2026-04-13 18:02:53, EXEC, v:1, k:eval1@ceu, mode:FULL, rate:0, size:5
2026-04-13 18:02:00, MOVE, v:1, k:eval1@pares, mode:EDIT
2026-04-13 18:02:08, MOVE, v:1, k:eval1@pares, mode:EDIT
2026-04-13 18:02:35, MOVE, v:1, k:eval1@ceu, mode:EDIT
2026-04-13 18:02:35, MOVE, v:1, k:eval1@ceu, mode:EDIT
2026-04-13 18:02:53, MOVE, v:1, k:eval1@ceu, mode:EDIT
2026-04-13 18:05:12, MOVE, v:1, k:eval1@ceu, mode:EDIT
2026-04-13 18:06:04, EXEC, v:1, k:eval1@ceu, mode:FULL, rate:0, size:22
2026-04-13 18:06:56, EXEC, v:1, k:eval1@ceu, mode:FULL, rate:0, size:22
2026-04-13 18:07:10, EXEC, v:1, k:eval1@ceu, mode:FULL, rate:0, size:22
2026-04-13 18:07:35, EXEC, v:1, k:eval1@ceu, mode:FULL, size:22, fail:COMP
2026-04-13 18:07:47, EXEC, v:1, k:eval1@ceu, mode:FULL, rate:0, size:22
2026-04-13 18:08:04, EXEC, v:1, k:eval1@ceu, mode:FULL, rate:0, size:22
2026-04-13 18:08:12, EXEC, v:1, k:eval1@ceu, mode:FULL, rate:0, size:22
2026-04-13 18:08:20, EXEC, v:1, k:eval1@ceu, mode:FULL, rate:0, size:22
2026-04-13 18:08:31, EXEC, v:1, k:eval1@ceu, mode:FULL, size:22, fail:COMP
2026-04-13 18:08:49, EXEC, v:1, k:eval1@ceu, mode:FULL, rate:0, size:22
2026-04-13 18:08:58, EXEC, v:1, k:eval1@ceu, mode:FULL, rate:0, size:22
2026-04-13 18:09:08, EXEC, v:1, k:eval1@ceu, mode:FULL, rate:0, size:22
2026-04-13 18:10:12, MOVE, v:1, k:eval1@ceu, mode:EDIT
2026-04-13 18:09:08, MOVE, v:1, k:eval1@ceu, mode:EDIT
2026-04-13 18:11:05, EXEC, v:1, k:eval1@ceu, mode:FULL, rate:100, size:26
2026-04-13 18:11:13, SELF, v:1, k:eval1@ceu, self:1, rate:100, study:7
2026-04-13 18:11:14, MOVE, v:1, k:eval1@ceu, mode:BACK
