2026-05-04 16:16:29, MOVE, v:1, k:fup@impar, mode:PICK
2026-05-04 16:16:30, MOVE, v:1, k:fup@impar, mode:BACK
2026-05-04 16:16:32, MOVE, v:1, k:fup@impar, mode:PICK
2026-05-04 16:16:35, EXEC, v:1, k:fup@impar, mode:FULL, rate:100
2026-05-04 16:17:00, SELF, v:1, k:fup@impar, self:1, rate:100, study:10
2026-05-04 16:17:01, MOVE, v:1, k:fup@impar, mode:BACK
2026-05-04 16:17:57, MOVE, v:1, k:eval1@monica, mode:PICK
2026-05-04 16:18:00, EXEC, v:1, k:eval1@monica, mode:FULL, rate:100
2026-05-04 16:18:09, SELF, v:1, k:eval1@monica, self:1, rate:100, study:10
2026-05-04 16:18:10, MOVE, v:1, k:eval1@monica, mode:BACK
2026-05-04 16:18:13, MOVE, v:1, k:eval1@pares, mode:PICK
2026-05-04 16:18:14, EXEC, v:1, k:eval1@pares, mode:FULL, rate:100
2026-05-04 16:18:19, SELF, v:1, k:eval1@pares, self:1, rate:100, study:10
2026-05-04 16:18:20, MOVE, v:1, k:eval1@pares, mode:BACK
2026-05-04 16:18:21, MOVE, v:1, k:eval1@ceu, mode:PICK
2026-05-04 16:18:28, SELF, v:1, k:eval1@ceu, self:1, study:10
2026-05-04 16:18:30, MOVE, v:1, k:eval1@ceu, mode:BACK
2026-05-04 16:18:32, MOVE, v:1, k:eval1@ceu, mode:PICK
2026-05-04 16:18:34, EXEC, v:1, k:eval1@ceu, mode:FULL, rate:100
2026-05-04 16:18:39, SELF, v:1, k:eval1@ceu, self:1, rate:100, study:10
2026-05-04 16:18:40, MOVE, v:1, k:eval1@ceu, mode:BACK
2026-05-04 16:16:35, MOVE, v:1, k:fup@impar, mode:EDIT
2026-05-04 16:18:00, MOVE, v:1, k:eval1@monica, mode:EDIT
2026-05-04 16:18:14, MOVE, v:1, k:eval1@pares, mode:EDIT
2026-05-04 16:18:34, MOVE, v:1, k:eval1@ceu, mode:EDIT
2026-05-04 17:39:48, MOVE, v:1, k:eval1@monica, mode:PICK
2026-05-04 17:39:50, EXEC, v:1, k:eval1@monica, mode:FULL, rate:100
2026-05-04 17:39:58, SELF, v:1, k:eval1@monica, self:1, rate:100, study:10
2026-05-04 17:39:59, MOVE, v:1, k:eval1@monica, mode:BACK
2026-05-04 17:40:01, MOVE, v:1, k:eval1@pares, mode:PICK
2026-05-04 17:40:02, EXEC, v:1, k:eval1@pares, mode:FULL, rate:100
2026-05-04 17:40:07, SELF, v:1, k:eval1@pares, self:1, rate:100, study:10
2026-05-04 17:40:08, MOVE, v:1, k:eval1@pares, mode:BACK
2026-05-04 17:40:08, MOVE, v:1, k:eval1@ceu, mode:PICK
2026-05-04 17:40:15, SELF, v:1, k:eval1@ceu, self:1, study:10
2026-05-04 17:40:18, MOVE, v:1, k:eval1@ceu, mode:BACK
2026-05-04 17:40:20, MOVE, v:1, k:eval1@ceu, mode:PICK
2026-05-04 17:40:21, EXEC, v:1, k:eval1@ceu, mode:FULL, rate:100
2026-05-04 17:40:24, SELF, v:1, k:eval1@ceu, self:1, rate:100, study:10
2026-05-04 17:40:26, MOVE, v:1, k:eval1@ceu, mode:BACK
2026-05-04 17:40:46, MOVE, v:1, k:fup@impar, mode:PICK
2026-05-04 17:40:48, EXEC, v:1, k:fup@impar, mode:FULL, rate:100
2026-05-04 17:40:53, SELF, v:1, k:fup@impar, self:1, rate:100, study:10
2026-05-04 17:40:54, MOVE, v:1, k:fup@impar, mode:BACK
2026-05-04 17:41:39, MOVE, v:1, k:fup@xuxa, mode:DOWN
2026-05-04 17:41:43, MOVE, v:1, k:fup@xuxa, mode:PICK
2026-05-04 17:41:52, EXEC, v:1, k:fup@xuxa, mode:FULL, rate:0, size:5
2026-05-04 17:39:49, MOVE, v:1, k:eval1@monica, mode:EDIT
2026-05-04 17:40:02, MOVE, v:1, k:eval1@pares, mode:EDIT
2026-05-04 17:40:21, MOVE, v:1, k:eval1@ceu, mode:EDIT
2026-05-04 17:40:48, MOVE, v:1, k:fup@impar, mode:EDIT
2026-05-04 17:41:39, MOVE, v:1, k:fup@xuxa, mode:EDIT
2026-05-04 17:41:39, MOVE, v:1, k:fup@xuxa, mode:EDIT
2026-05-04 17:41:39, MOVE, v:1, k:fup@xuxa, mode:EDIT
2026-05-04 17:41:52, MOVE, v:1, k:fup@xuxa, mode:EDIT
2026-05-04 17:46:23, MOVE, v:1, k:fup@xuxa, mode:EDIT
2026-05-04 17:46:34, MOVE, v:1, k:fup@xuxa, mode:EDIT
2026-05-04 17:53:52, MOVE, v:1, k:fup@xuxa, mode:EDIT
2026-05-04 17:55:27, EXEC, v:1, k:fup@xuxa, mode:FULL, rate:0, size:12
2026-05-04 17:55:39, EXEC, v:1, k:fup@xuxa, mode:FREE
2026-05-04 17:57:24, EXEC, v:1, k:fup@xuxa, mode:FULL, rate:0, size:12
2026-05-04 17:58:28, EXEC, v:1, k:fup@xuxa, mode:FULL, rate:0, size:12
2026-05-04 17:58:49, MOVE, v:1, k:fup@xuxa, mode:PICK
2026-05-04 17:58:49, EXEC, v:1, k:fup@xuxa, mode:FULL, rate:0, size:12
2026-05-04 17:58:51, EXEC, v:1, k:fup@xuxa, mode:FULL, rate:0
2026-05-04 17:59:49, EXEC, v:1, k:fup@xuxa, mode:FULL, rate:0, size:12
2026-05-04 17:59:49, MOVE, v:1, k:fup@xuxa, mode:EDIT
2026-05-04 17:59:48, MOVE, v:1, k:fup@xuxa, mode:EDIT
