2026-03-31 16:55:46, MOVE, v:1, k:fup@tres, mode:PICK
2026-03-31 16:55:49, EXEC, v:1, k:fup@tres, mode:FULL, rate:100
2026-03-31 16:56:02, SELF, v:1, k:fup@tres, self:1, rate:100, study:10, friend:Nao
2026-03-31 16:56:04, MOVE, v:1, k:fup@tres, mode:BACK
2026-03-31 16:56:08, MOVE, v:1, k:fup@resto, mode:PICK
2026-03-31 16:56:23, SELF, v:1, k:fup@resto, self:1, rate:100, study:51
2026-03-31 16:56:25, MOVE, v:1, k:fup@resto, mode:BACK
2026-03-31 16:56:29, MOVE, v:1, k:fup@tres, mode:PICK
2026-03-31 16:56:37, SELF, v:1, k:fup@tres, self:1, rate:100, study:10
2026-03-31 16:56:38, MOVE, v:1, k:fup@tres, mode:BACK
2026-03-31 16:56:40, MOVE, v:1, k:fup@resto, mode:PICK
2026-03-31 16:56:44, MOVE, v:1, k:fup@resto, mode:BACK
2026-03-31 16:56:46, MOVE, v:1, k:fup@media, mode:PICK
2026-03-31 16:56:55, SELF, v:1, k:fup@media, self:1, rate:100, study:39
2026-03-31 16:56:56, MOVE, v:1, k:fup@media, mode:BACK
2026-03-31 16:56:59, MOVE, v:1, k:fup@sobrou, mode:PICK
2026-03-31 16:57:08, SELF, v:1, k:fup@sobrou, self:1, rate:100, study:18
2026-03-31 16:57:09, MOVE, v:1, k:fup@sobrou, mode:BACK
2026-03-31 16:57:56, MOVE, v:1, k:fup@sobrou, mode:PICK
2026-03-31 16:58:06, MOVE, v:1, k:fup@sobrou, mode:BACK
2026-03-31 16:58:07, MOVE, v:1, k:fup@segundos, mode:PICK
2026-03-31 16:58:15, SELF, v:1, k:fup@segundos, self:1, rate:100, study:8
2026-03-31 16:58:17, MOVE, v:1, k:fup@segundos, mode:BACK
2026-03-31 16:58:18, MOVE, v:1, k:fup@celsius, mode:PICK
2026-03-31 16:58:27, SELF, v:1, k:fup@celsius, self:1, rate:100, study:5
2026-03-31 16:58:28, MOVE, v:1, k:fup@celsius, mode:BACK
2026-03-31 16:58:29, MOVE, v:1, k:fup@pintando, mode:PICK
2026-03-31 16:58:37, SELF, v:1, k:fup@pintando, self:1, rate:100, study:5
2026-03-31 16:58:38, MOVE, v:1, k:fup@pintando, mode:BACK
2026-03-31 16:58:39, MOVE, v:1, k:fup@bala, mode:PICK
2026-03-31 16:58:41, EXEC, v:1, k:fup@bala, mode:FULL, rate:100
2026-03-31 16:58:48, SELF, v:1, k:fup@bala, self:1, rate:100, study:7
2026-03-31 16:58:49, MOVE, v:1, k:fup@bala, mode:BACK
2026-03-31 16:58:51, MOVE, v:1, k:fup@abs, mode:PICK
2026-03-31 16:58:52, EXEC, v:1, k:fup@abs, mode:FULL, rate:100
2026-03-31 16:58:57, SELF, v:1, k:fup@abs, self:1, rate:100, study:20
2026-03-31 16:58:58, MOVE, v:1, k:fup@abs, mode:BACK
2026-03-31 16:59:04, MOVE, v:1, k:fup@calc, mode:DOWN
2026-03-31 16:59:05, MOVE, v:1, k:fup@calc, mode:PICK
2026-03-31 16:59:06, EXEC, v:1, k:fup@calc, mode:FULL, rate:0, size:5
2026-03-31 17:10:33, EXEC, v:1, k:fup@calc, mode:FULL, rate:100, size:19
2026-03-31 17:10:54, MOVE, v:1, k:fup@calc, mode:BACK
2026-03-31 17:10:57, MOVE, v:1, k:fup@calc, mode:PICK
2026-03-31 17:10:58, EXEC, v:1, k:fup@calc, mode:FULL, rate:100
2026-03-31 17:11:12, SELF, v:1, k:fup@calc, self:1, rate:100, study:10
2026-03-31 17:11:15, MOVE, v:1, k:fup@calc, mode:BACK
