2026-03-23 02:36:04, MOVE, v:1, k:fup@resto, mode:PICK
2026-03-23 02:36:06, EXEC, v:1, k:fup@resto, mode:FULL, rate:0
2026-03-23 02:41:07, EXEC, v:1, k:fup@resto, mode:FULL, rate:0, size:10
2026-03-23 02:41:26, EXEC, v:1, k:fup@resto, mode:FULL, rate:6, size:10
2026-03-23 02:44:47, EXEC, v:1, k:fup@resto, mode:FULL, rate:100, size:12
2026-03-23 02:44:56, EXEC, v:1, k:fup@resto, mode:FULL, rate:100
2026-03-23 02:45:02, EXEC, v:1, k:fup@resto, mode:FULL, rate:100
2026-03-23 02:45:16, EXEC, v:1, k:fup@resto, mode:FULL, rate:100
2026-03-23 02:45:17, EXEC, v:1, k:fup@resto, mode:FULL, rate:100
2026-03-23 02:45:58, MOVE, v:1, k:fup@resto, mode:BACK
2026-03-23 02:46:08, MOVE, v:1, k:fup@media, mode:PICK
2026-03-23 02:46:10, EXEC, v:1, k:fup@media, mode:FULL, rate:0
2026-03-23 02:46:48, EXEC, v:1, k:fup@media, mode:FULL, rate:0, size:10
2026-03-23 02:48:46, EXEC, v:1, k:fup@media, mode:FULL, rate:60, size:11
2026-03-23 02:49:33, EXEC, v:1, k:fup@media, mode:FULL, rate:100, size:11
2026-03-23 02:49:37, EXEC, v:1, k:fup@media, mode:FULL, rate:100
2026-03-23 02:49:59, MOVE, v:1, k:fup@media, mode:BACK
2026-03-23 02:50:07, MOVE, v:1, k:fup@sobrou, mode:DOWN
2026-03-23 02:50:08, MOVE, v:1, k:fup@sobrou, mode:PICK
2026-03-23 02:50:10, EXEC, v:1, k:fup@sobrou, mode:FULL, rate:0, size:5
2026-03-23 02:52:45, EXEC, v:1, k:fup@sobrou, mode:FULL, rate:0, size:11
2026-03-23 03:05:48, EXEC, v:1, k:fup@sobrou, mode:FULL, rate:100, size:20
2026-03-23 03:08:16, EXEC, v:1, k:fup@sobrou, mode:FULL, rate:100
2026-03-23 03:08:52, MOVE, v:1, k:fup@sobrou, mode:BACK
2026-03-23 03:09:06, MOVE, v:1, k:fup@segundos, mode:DOWN
2026-03-23 03:09:15, MOVE, v:1, k:fup@segundos, mode:PICK
2026-03-23 03:09:16, EXEC, v:1, k:fup@segundos, mode:FULL, rate:0, size:5
2026-03-23 03:13:40, EXEC, v:1, k:fup@segundos, mode:FULL, size:15, fail:COMP
2026-03-23 03:14:12, EXEC, v:1, k:fup@segundos, mode:FULL, size:15, fail:COMP
2026-03-23 03:14:21, EXEC, v:1, k:fup@segundos, mode:FULL, rate:0, size:15
2026-03-23 03:16:29, EXEC, v:1, k:fup@segundos, mode:FULL, rate:100, size:15
2026-03-23 03:16:32, EXEC, v:1, k:fup@segundos, mode:FULL, rate:100
2026-03-23 03:17:06, MOVE, v:1, k:fup@segundos, mode:BACK
2026-03-23 03:19:15, MOVE, v:1, k:fup@celsius, mode:DOWN
2026-03-23 03:19:16, MOVE, v:1, k:fup@celsius, mode:PICK
2026-03-23 03:19:18, EXEC, v:1, k:fup@celsius, mode:FULL, rate:0, size:5
2026-03-23 03:21:46, EXEC, v:1, k:fup@celsius, mode:FULL, rate:100, size:11
2026-03-23 03:21:48, EXEC, v:1, k:fup@celsius, mode:FULL, rate:100
2026-03-23 03:22:12, MOVE, v:1, k:fup@celsius, mode:BACK
2026-03-23 03:22:20, MOVE, v:1, k:fup@pintando, mode:DOWN
2026-03-23 03:22:21, MOVE, v:1, k:fup@pintando, mode:PICK
2026-03-23 03:22:22, EXEC, v:1, k:fup@pintando, mode:FULL, rate:0, size:5
2026-03-23 03:27:12, EXEC, v:1, k:fup@pintando, mode:FULL, rate:100, size:19
2026-03-23 03:27:14, EXEC, v:1, k:fup@pintando, mode:FULL, rate:100
2026-03-23 03:27:34, MOVE, v:1, k:fup@pintando, mode:BACK
2026-03-23 03:27:46, MOVE, v:1, k:fup@bala, mode:DOWN
2026-03-23 03:27:47, MOVE, v:1, k:fup@bala, mode:PICK
2026-03-23 03:27:48, EXEC, v:1, k:fup@bala, mode:FULL, rate:0, size:5
2026-03-23 03:34:10, EXEC, v:1, k:fup@bala, mode:FULL, size:18, fail:COMP
2026-03-23 03:34:24, EXEC, v:1, k:fup@bala, mode:FULL, rate:100, size:18
2026-03-23 03:34:26, EXEC, v:1, k:fup@bala, mode:FULL, rate:100
2026-03-23 03:35:13, MOVE, v:1, k:fup@bala, mode:BACK
2026-03-23 17:18:05, MOVE, v:1, k:fup@abs, mode:DOWN
2026-03-23 17:18:06, MOVE, v:1, k:fup@abs, mode:PICK
2026-03-23 17:18:08, EXEC, v:1, k:fup@abs, mode:FULL, rate:0, size:5
2026-03-23 17:25:44, EXEC, v:1, k:fup@abs, mode:FULL, size:12, fail:COMP
2026-03-23 17:26:47, EXEC, v:1, k:fup@abs, mode:FULL, rate:50, size:13
2026-03-23 17:27:26, EXEC, v:1, k:fup@abs, mode:FULL, size:15, fail:COMP
2026-03-23 17:27:37, EXEC, v:1, k:fup@abs, mode:FULL, rate:50, size:14
2026-03-23 17:28:50, EXEC, v:1, k:fup@abs, mode:FULL, rate:0, size:14
2026-03-23 17:31:36, EXEC, v:1, k:fup@abs, mode:FULL, rate:0, size:14
2026-03-23 17:37:38, EXEC, v:1, k:fup@abs, mode:FULL, rate:0, size:16
2026-03-23 17:37:54, EXEC, v:1, k:fup@abs, mode:FULL, rate:100, size:16
2026-03-23 17:37:59, EXEC, v:1, k:fup@abs, mode:FULL, rate:100
2026-03-23 17:38:29, MOVE, v:1, k:fup@abs, mode:BACK
