2026-03-30 17:15:07, MOVE, v:1, k:fup@abs, mode:PICK
2026-03-30 17:15:21, MOVE, v:1, k:fup@abs, mode:BACK
2026-03-30 17:16:55, MOVE, v:1, k:fup@abs, mode:PICK
2026-03-30 17:16:59, MOVE, v:1, k:fup@abs, mode:BACK
2026-03-30 17:17:11, MOVE, v:1, k:fup@abs, mode:PICK
2026-03-30 17:18:13, MOVE, v:1, k:fup@abs, mode:BACK
2026-03-30 17:18:27, MOVE, v:1, k:fup@abs, mode:PICK
2026-03-30 17:18:31, EXEC, v:1, k:fup@abs, mode:FULL, rate:100
2026-03-30 17:21:22, EXEC, v:1, k:fup@abs, mode:FULL, size:14, fail:COMP
2026-03-30 17:25:53, EXEC, v:1, k:fup@abs, mode:FULL, rate:100, size:14
2026-03-30 17:30:55, EXEC, v:1, k:fup@abs, mode:FULL, rate:100, size:15
2026-03-30 17:31:37, SELF, v:1, k:fup@abs, self:1, rate:100, study:20
2026-03-30 17:31:40, MOVE, v:1, k:fup@abs, mode:BACK
2026-03-30 17:33:42, MOVE, v:1, k:fup@max, mode:DOWN
2026-03-30 17:33:43, MOVE, v:1, k:fup@max, mode:PICK
2026-03-30 17:33:45, EXEC, v:1, k:fup@max, mode:FULL, rate:0, size:5
2026-03-30 17:34:43, MOVE, v:1, k:fup@max, mode:BACK
2026-03-30 17:37:05, MOVE, v:1, k:fup@max, mode:PICK
2026-03-30 17:37:07, EXEC, v:1, k:fup@max, mode:FULL, rate:0
2026-03-30 17:37:12, MOVE, v:1, k:fup@max, mode:BACK
2026-03-30 17:37:15, MOVE, v:1, k:fup@max, mode:PICK
2026-03-30 17:37:16, EXEC, v:1, k:fup@max, mode:FULL, rate:0
2026-03-30 17:46:42, EXEC, v:1, k:fup@max, mode:FULL, rate:100, size:15
2026-03-30 17:48:51, MOVE, v:1, k:fup@max, mode:BACK
2026-03-30 17:49:12, MOVE, v:1, k:fup@max, mode:PICK
2026-03-30 17:49:14, EXEC, v:1, k:fup@max, mode:FULL, rate:100
2026-03-30 17:50:03, SELF, v:1, k:fup@max, self:1, rate:100, study:15
2026-03-30 17:50:05, MOVE, v:1, k:fup@max, mode:BACK
2026-03-30 17:50:45, MOVE, v:1, k:fup@ou, mode:DOWN
2026-03-30 17:50:46, MOVE, v:1, k:fup@ou, mode:PICK
2026-03-30 17:50:47, EXEC, v:1, k:fup@ou, mode:FULL, rate:0, size:5
2026-03-30 17:55:28, EXEC, v:1, k:fup@ou, mode:FULL, rate:60, size:14
2026-03-30 17:56:02, EXEC, v:1, k:fup@ou, mode:FULL, rate:60
2026-03-30 17:56:04, EXEC, v:1, k:fup@ou, mode:FULL, rate:60
2026-03-30 17:56:05, EXEC, v:1, k:fup@ou, mode:FULL, rate:60
2026-03-30 17:57:21, EXEC, v:1, k:fup@ou, mode:FULL, rate:60
2026-03-30 17:57:55, EXEC, v:1, k:fup@ou, mode:FULL, rate:60, size:15
2026-03-30 17:58:02, EXEC, v:1, k:fup@ou, mode:FULL, rate:60
2026-03-30 17:58:19, MOVE, v:1, k:fup@ou, mode:PICK
2026-03-30 17:58:21, EXEC, v:1, k:fup@ou, mode:FULL, rate:0, size:14
2026-03-30 18:01:07, EXEC, v:1, k:fup@ou, mode:FULL, rate:40, size:16
2026-03-30 18:01:32, EXEC, v:1, k:fup@ou, mode:FULL, rate:100, size:16
2026-03-30 18:01:41, MOVE, v:1, k:fup@ou, mode:BACK
2026-03-30 18:01:44, MOVE, v:1, k:fup@ou, mode:PICK
2026-03-30 18:01:45, EXEC, v:1, k:fup@ou, mode:FULL, rate:100
2026-03-30 18:02:09, SELF, v:1, k:fup@ou, self:1, rate:100, study:10
2026-03-30 18:02:11, EXEC, v:1, k:fup@ou, mode:FULL, rate:100
2026-03-30 18:02:12, MOVE, v:1, k:fup@ou, mode:BACK
2026-03-30 18:03:35, MOVE, v:1, k:fup@positivo, mode:DOWN
2026-03-30 18:03:36, MOVE, v:1, k:fup@positivo, mode:PICK
2026-03-30 18:03:39, EXEC, v:1, k:fup@positivo, mode:FULL, rate:0, size:5
2026-03-30 18:06:13, EXEC, v:1, k:fup@positivo, mode:FULL, rate:60, size:13
2026-03-30 18:06:40, EXEC, v:1, k:fup@positivo, mode:FULL, rate:100, size:13
2026-03-30 18:07:02, SELF, v:1, k:fup@positivo, self:1, rate:100, study:5
2026-03-30 18:07:02, EXEC, v:1, k:fup@positivo, mode:FULL, rate:100
2026-03-30 18:07:03, MOVE, v:1, k:fup@positivo, mode:BACK
2026-03-30 18:08:45, MOVE, v:1, k:fup@multiplo, mode:DOWN
2026-03-30 18:08:49, MOVE, v:1, k:fup@multiplo, mode:PICK
2026-03-30 18:08:50, EXEC, v:1, k:fup@multiplo, mode:FULL, rate:0, size:5
2026-03-30 18:12:05, EXEC, v:1, k:fup@multiplo, mode:FULL, size:13, fail:COMP
2026-03-30 18:13:26, EXEC, v:1, k:fup@multiplo, mode:FULL, rate:100, size:13
2026-03-30 18:13:55, SELF, v:1, k:fup@multiplo, self:1, rate:100, study:6
2026-03-30 18:13:56, MOVE, v:1, k:fup@multiplo, mode:BACK
